<?xml version="1.0" encoding="UTF-8"?>
<!-- Generated by org.testng.reporters.JUnitXMLReporter -->
<testsuite ignored="0" hostname="Raji-DRM" failures="0" tests="3" name="Default test" time="18.328" errors="0" timestamp="2023-02-25T12:23:05 IST">
  <testcase classname="basics.DataProviderTest2" name="loginTest" time="6.202"/>
  <testcase classname="basics.DataProviderTest2" name="loginTest" time="7.293"/>
  <testcase classname="basics.DataProviderTest2" name="loginTest" time="4.006"/>
</testsuite> <!-- Default test -->
