<?xml version="1.0" encoding="UTF-8"?>
<testng-results ignored="0" total="1" passed="1" failed="0" skipped="0">
  <reporter-output>
  </reporter-output>
  <suite started-at="2023-03-06T13:04:18 IST" name="Suite" finished-at="2023-03-06T13:04:18 IST" duration-ms="36">
    <groups>
    </groups>
    <test started-at="2023-03-06T13:04:18 IST" name="Test" finished-at="2023-03-06T13:04:18 IST" duration-ms="36">
      <class name="basics.FirstExample">
        <test-method is-config="true" signature="loadDriver()[pri:0, instance:basics.FirstExample@31920ade]" started-at="2023-03-06T13:04:18 IST" name="loadDriver" finished-at="2023-03-06T13:04:18 IST" duration-ms="7" status="PASS">
          <reporter-output>
          </reporter-output>
        </test-method> <!-- loadDriver -->
        <test-method signature="testRun()[pri:0, instance:basics.FirstExample@31920ade]" started-at="2023-03-06T13:04:18 IST" name="testRun" finished-at="2023-03-06T13:04:18 IST" duration-ms="1" status="PASS">
          <reporter-output>
          </reporter-output>
        </test-method> <!-- testRun -->
        <test-method is-config="true" signature="closeDriver()[pri:0, instance:basics.FirstExample@31920ade]" started-at="2023-03-06T13:04:18 IST" name="closeDriver" finished-at="2023-03-06T13:04:18 IST" duration-ms="0" status="PASS">
          <reporter-output>
          </reporter-output>
        </test-method> <!-- closeDriver -->
      </class> <!-- basics.FirstExample -->
    </test> <!-- Test -->
  </suite> <!-- Suite -->
</testng-results>
